\BOOKMARK [1][-]{section.1}{\376\377\000I\000N\000T\000R\000O\000D\000U\000C\000T\000I\000O\000N}{}% 1
\BOOKMARK [2][-]{subsection.1.1}{\376\377\000B\000r\000i\000e\000f\000\040\000O\000v\000e\000r\000v\000i\000e\000w}{section.1}% 2
\BOOKMARK [2][-]{subsection.1.2}{\376\377\000M\000o\000t\000i\000v\000a\000t\000i\000o\000n}{section.1}% 3
\BOOKMARK [2][-]{subsection.1.3}{\376\377\000P\000r\000o\000b\000l\000e\000m\000\040\000S\000t\000a\000t\000e\000m\000e\000n\000t}{section.1}% 4
\BOOKMARK [2][-]{subsection.1.4}{\376\377\000R\000e\000s\000e\000a\000r\000c\000h\000\040\000Q\000u\000e\000s\000t\000i\000o\000n}{section.1}% 5
\BOOKMARK [2][-]{subsection.1.5}{\376\377\000S\000c\000o\000p\000e\000\040\000a\000n\000d\000\040\000L\000i\000m\000i\000t\000a\000t\000i\000o\000n\000s}{section.1}% 6
\BOOKMARK [1][-]{section.2}{\376\377\000B\000A\000C\000K\000G\000R\000O\000U\000N\000D}{}% 7
\BOOKMARK [2][-]{subsection.2.1}{\376\377\000T\000o\000p\000i\000c\000\040\000O\000v\000e\000r\000v\000i\000e\000w}{section.2}% 8
\BOOKMARK [2][-]{subsection.2.2}{\376\377\000D\000e\000b\000a\000t\000e\000\040\000a\000s\000\040\000R\000o\000l\000e\000-\000P\000l\000a\000y\000i\000n\000g\000\040\000G\000a\000m\000e}{section.2}% 9
\BOOKMARK [1][-]{section.3}{\376\377\000L\000I\000T\000E\000R\000A\000T\000U\000R\000E\000\040\000R\000E\000V\000I\000E\000W}{}% 10
\BOOKMARK [2][-]{subsubsection.3.0.1}{\376\377\000T\000h\000e\000\040\000T\000e\000c\000h\000n\000i\000c\000a\000l\000-\000P\000u\000b\000l\000i\000c\000\040\000S\000p\000h\000e\000r\000e\000\040\000T\000e\000n\000s\000i\000o\000n}{section.3}% 11
\BOOKMARK [3][-]{subsubsection.3.0.2}{\376\377\000V\000a\000l\000u\000e\000\040\000C\000o\000n\000v\000e\000r\000g\000e\000n\000c\000e\000\040\000a\000n\000d\000\040\000I\000d\000e\000o\000l\000o\000g\000i\000c\000a\000l\000\040\000H\000o\000m\000o\000g\000e\000n\000i\000z\000a\000t\000i\000o\000n}{subsubsection.3.0.1}% 12
\BOOKMARK [3][-]{subsubsection.3.0.3}{\376\377\000D\000e\000l\000i\000v\000e\000r\000y\000\040\000P\000r\000a\000c\000t\000i\000c\000e\000s\000\040\000a\000n\000d\000\040\000C\000o\000m\000m\000u\000n\000i\000c\000a\000t\000i\000v\000e\000\040\000C\000a\000p\000a\000c\000i\000t\000y}{subsubsection.3.0.1}% 13
\BOOKMARK [3][-]{subsubsection.3.0.4}{\376\377\000H\000i\000e\000r\000a\000r\000c\000h\000i\000c\000a\000l\000\040\000D\000y\000n\000a\000m\000i\000c\000s\000\040\000a\000n\000d\000\040\000P\000s\000y\000c\000h\000o\000l\000o\000g\000i\000c\000a\000l\000\040\000S\000a\000f\000e\000t\000y}{subsubsection.3.0.1}% 14
\BOOKMARK [2][-]{subsection.3.1}{\376\377\000G\000a\000p\000\040\000I\000d\000e\000n\000t\000i\000f\000i\000c\000a\000t\000i\000o\000n}{section.3}% 15
\BOOKMARK [1][-]{section.4}{\376\377\000T\000H\000E\000O\000R\000E\000T\000I\000C\000A\000L\000\040\000F\000R\000A\000M\000E\000W\000O\000R\000K}{}% 16
\BOOKMARK [2][-]{subsection.4.1}{\376\377\000C\000o\000r\000e\000\040\000T\000h\000e\000o\000r\000e\000t\000i\000c\000a\000l\000\040\000C\000o\000n\000s\000t\000r\000u\000c\000t\000s}{section.4}% 17
\BOOKMARK [3][-]{subsubsection.4.1.1}{\376\377\000T\000h\000e\000\040\000T\000r\000a\000n\000s\000f\000o\000r\000m\000a\000t\000i\000o\000n\000a\000l\000\040\000C\000o\000n\000t\000a\000i\000n\000e\000r}{subsection.4.1}% 18
\BOOKMARK [3][-]{subsubsection.4.1.2}{\376\377\000B\000l\000e\000e\000d\000\040\000a\000s\000\040\000T\000r\000a\000n\000s\000f\000o\000r\000m\000a\000t\000i\000v\000e\000\040\000M\000e\000c\000h\000a\000n\000i\000s\000m}{subsection.4.1}% 19
\BOOKMARK [3][-]{subsubsection.4.1.3}{\376\377\000Z\000o\000n\000e\000\040\000o\000f\000\040\000P\000r\000o\000x\000i\000m\000a\000l\000\040\000D\000e\000v\000e\000l\000o\000p\000m\000e\000n\000t\000\040\000a\000n\000d\000\040\000S\000c\000a\000f\000f\000o\000l\000d\000e\000d\000\040\000L\000e\000a\000r\000n\000i\000n\000g}{subsection.4.1}% 20
\BOOKMARK [2][-]{subsection.4.2}{\376\377\000R\000e\000f\000r\000a\000m\000i\000n\000g\000\040\000F\000o\000r\000e\000n\000s\000i\000c\000s\000\040\000P\000e\000d\000a\000g\000o\000g\000y\000\040\000C\000r\000i\000t\000i\000q\000u\000e\000s\000\040\000t\000h\000r\000o\000u\000g\000h\000\040\000T\000r\000a\000n\000s\000f\000o\000r\000m\000a\000t\000i\000v\000e\000\040\000G\000a\000m\000e\000\040\000D\000e\000s\000i\000g\000n}{section.4}% 21
\BOOKMARK [3][-]{subsubsection.4.2.1}{\376\377\000V\000a\000l\000u\000e\000\040\000C\000o\000n\000v\000e\000r\000g\000e\000n\000c\000e\000\040\000a\000s\000\040\000C\000o\000r\000r\000u\000p\000t\000e\000d\000\040\000M\000e\000m\000e\000t\000i\000c\000\040\000B\000l\000e\000e\000d}{subsection.4.2}% 22
\BOOKMARK [3][-]{subsubsection.4.2.2}{\376\377\000I\000n\000f\000o\000r\000m\000a\000t\000i\000o\000n\000\040\000D\000e\000n\000s\000i\000t\000y\000\040\000a\000n\000d\000\040\000M\000i\000s\000a\000l\000i\000g\000n\000e\000d\000\040\000P\000r\000o\000c\000e\000d\000u\000r\000a\000l\000\040\000B\000l\000e\000e\000d}{subsection.4.2}% 23
\BOOKMARK [3][-]{subsubsection.4.2.3}{\376\377\000C\000o\000m\000p\000e\000t\000i\000t\000i\000v\000e\000\040\000P\000r\000e\000s\000s\000u\000r\000e\000\040\000a\000n\000d\000\040\000t\000h\000e\000\040\000C\000o\000m\000p\000r\000o\000m\000i\000s\000e\000d\000\040\000C\000o\000n\000t\000a\000i\000n\000e\000r}{subsection.4.2}% 24
\BOOKMARK [3][-]{subsubsection.4.2.4}{\376\377\000I\000m\000p\000l\000i\000c\000a\000t\000i\000o\000n\000s\000\040\000f\000o\000r\000\040\000D\000e\000s\000i\000g\000n}{subsection.4.2}% 25
\BOOKMARK [1][-]{section.5}{\376\377\000M\000E\000T\000H\000O\000D\000S}{}% 26
\BOOKMARK [2][-]{subsection.5.1}{\376\377\000D\000e\000s\000i\000g\000n\000\040\000P\000h\000i\000l\000o\000s\000o\000p\000h\000y}{section.5}% 27
\BOOKMARK [2][-]{subsection.5.2}{\376\377\000D\000e\000v\000e\000l\000o\000p\000m\000e\000n\000t\000\040\000P\000r\000o\000c\000e\000s\000s}{section.5}% 28
\BOOKMARK [2][-]{subsection.5.3}{\376\377\000R\000e\000s\000e\000a\000r\000c\000h\000\040\000M\000e\000t\000h\000o\000d\000s}{section.5}% 29
\BOOKMARK [3][-]{subsubsection.5.3.1}{\376\377\000P\000a\000r\000t\000i\000c\000i\000p\000a\000n\000t\000\040\000O\000b\000s\000e\000r\000v\000a\000t\000i\000o\000n}{subsection.5.3}% 30
\BOOKMARK [3][-]{subsubsection.5.3.2}{\376\377\000P\000a\000r\000t\000i\000c\000i\000p\000a\000n\000t\000s}{subsection.5.3}% 31
\BOOKMARK [3][-]{subsubsection.5.3.3}{\376\377\000S\000e\000m\000i\000-\000S\000t\000r\000u\000c\000t\000u\000r\000e\000d\000\040\000I\000n\000t\000e\000r\000v\000i\000e\000w\000s}{subsection.5.3}% 32
\BOOKMARK [2][-]{subsection.5.4}{\376\377\000D\000a\000t\000a\000\040\000A\000n\000a\000l\000y\000s\000i\000s}{section.5}% 33
\BOOKMARK [3][-]{subsubsection.5.4.1}{\376\377\000I\000t\000e\000r\000a\000t\000i\000v\000e\000\040\000D\000e\000s\000i\000g\000n\000\040\000A\000n\000a\000l\000y\000s\000i\000s}{subsection.5.4}% 34
\BOOKMARK [3][-]{subsubsection.5.4.2}{\376\377\000F\000i\000n\000a\000l\000\040\000C\000o\000m\000p\000a\000r\000a\000t\000i\000v\000e\000\040\000A\000n\000a\000l\000y\000s\000i\000s}{subsection.5.4}% 35
\BOOKMARK [2][-]{subsection.5.5}{\376\377\000E\000t\000h\000i\000c\000a\000l\000\040\000C\000o\000n\000s\000i\000d\000e\000r\000a\000t\000i\000o\000n\000s}{section.5}% 36
\BOOKMARK [2][-]{subsection.5.6}{\376\377\000P\000o\000s\000i\000t\000i\000o\000n\000a\000l\000i\000t\000y\000\040\000a\000n\000d\000\040\000R\000e\000f\000l\000e\000x\000i\000v\000i\000t\000y}{section.5}% 37
\BOOKMARK [1][-]{section.6}{\376\377\000C\000o\000n\000c\000l\000u\000s\000i\000o\000n}{}% 38
\BOOKMARK [1][-]{section.6}{\376\377\000T\000i\000m\000e\000l\000i\000n\000e\000\040\000A\000n\000n\000e\000x}{}% 39
